<?xml version="1.0" encoding="UTF-8"?>
<!-- Generated by org.testng.reporters.JUnitXMLReporter -->
<testsuite ignored="0" hostname="DESKTOP-NNGQNDK" failures="0" tests="8" name="Default test" time="37.655" errors="0" timestamp="2022-09-12T19:43:07 IST">
  <testcase classname="com.sgtesting.testngscenario.UserScenario" name="launchBrowser" time="1.627"/>
  <testcase classname="com.sgtesting.testngscenario.UserScenario" name="navigate" time="7.552"/>
  <testcase classname="com.sgtesting.testngscenario.UserScenario" name="login" time="5.195"/>
  <testcase classname="com.sgtesting.testngscenario.UserScenario" name="minimizeFlyOutWindow" time="2.102"/>
  <testcase classname="com.sgtesting.testngscenario.UserScenario" name="createUser" time="12.28"/>
  <testcase classname="com.sgtesting.testngscenario.UserScenario" name="deleteUser" time="6.278"/>
  <testcase classname="com.sgtesting.testngscenario.UserScenario" name="logout" time="2.213"/>
  <testcase classname="com.sgtesting.testngscenario.UserScenario" name="closeApplication" time="0.338"/>
</testsuite> <!-- Default test -->
